#
# A fatal error has been detected by the Java Runtime Environment:
#
#  EXCEPTION_ACCESS_VIOLATION (0xc0000005) at pc=0x57b79059, pid=22056, tid=22144
#
# JRE version: Java(TM) SE Runtime Environment (7.0_79-b15) (build 1.7.0_79-b15)
# Java VM: Java HotSpot(TM) Client VM (24.79-b02 mixed mode, sharing windows-x86 )
# Problematic frame:
# C  [atiumdag.dll+0x149059]
#
# Failed to write core dump. Minidumps are not enabled by default on client versions of Windows
#
# If you would like to submit a bug report, please visit:
#   http://bugreport.java.com/bugreport/crash.jsp
# The crash happened outside the Java Virtual Machine in native code.
# See problematic frame for where to report the bug.
#

---------------  T H R E A D  ---------------

Current thread (0x03c3d000):  JavaThread "AWT-Windows" daemon [_thread_in_native, id=22144, stack(0x03e80000,0x03ed0000)]

siginfo: ExceptionCode=0xc0000005, reading address 0x00000458

Registers:
EAX=0x00000000, EBX=0x57cfa5d8, ECX=0x00000000, EDX=0x00000016
ESP=0x03ecd86c, EBP=0x03ecd8e0, ESI=0x067550cc, EDI=0x06755078
EIP=0x57b79059, EFLAGS=0x00210246

Top of Stack: (sp=0x03ecd86c)
0x03ecd86c:   06755508 06755078 57bb5773 000029a4
0x03ecd87c:   06755078 06755508 00000000 000029a4
0x03ecd88c:   57bc1523 06755078 00000000 06a8fe88
0x03ecd89c:   06755078 57bc2327 00000001 06755078
0x03ecd8ac:   00000004 06755078 00000000 57b791c1
0x03ecd8bc:   06755078 00000000 066fd7f8 57b72557
0x03ecd8cc:   00000004 066fd7f8 03ecd90c 0674d158
0x03ecd8dc:   066fd7f8 03ecd964 57b72339 03ecd90c 

Instructions: (pc=0x57b79059)
0x57b79039:   b0 00 00 00 8b 97 ac 00 00 00 50 51 ff d2 85 c0
0x57b79049:   0f 85 94 00 00 00 8b 4f 54 56 8d 77 54 88 46 08
0x57b79059:   8b 91 58 04 00 00 8b 46 04 4a 3b c2 7d 62 8b 4e
0x57b79069:   0c 8d 04 40 8d 0c c1 8b 51 04 8d 41 04 89 51 1c 


Register to memory mapping:

EAX=0x00000000 is an unknown value
EBX=0x57cfa5d8 is an unknown value
ECX=0x00000000 is an unknown value
EDX=0x00000016 is an unknown value
ESP=0x03ecd86c is pointing into the stack for thread: 0x03c3d000
EBP=0x03ecd8e0 is pointing into the stack for thread: 0x03c3d000
ESI=0x067550cc is an unknown value
EDI=0x06755078 is an unknown value


Stack: [0x03e80000,0x03ed0000],  sp=0x03ecd86c,  free space=310k
Native frames: (J=compiled Java code, j=interpreted, Vv=VM code, C=native code)
C  [atiumdag.dll+0x149059]
C  [atiumdag.dll+0x142339]
C  [atiumdag.dll+0xf827d]
C  [atiumdag.dll+0x11000]
C  [atiumdag.dll+0x1e3b]
C  [atiumdag.dll+0x2b40]
C  [atiu9pag.dll+0x3273]
C  [atiu9pag.dll+0x17ce]
C  [d3d9.dll+0x181bf]
C  [d3d9.dll+0xb431]
C  [d3d9.dll+0xa2cc]
C  [d3d9.dll+0xb146]
C  [d3d9.dll+0x16ba7]
C  [d3d9.dll+0x22ea2]

Java frames: (J=compiled Java code, j=interpreted, Vv=VM code)
j  sun.java2d.d3d.D3DGraphicsDevice.getDeviceCapsNative(I)I+0
j  sun.java2d.d3d.D3DGraphicsDevice.access$000(I)I+1
j  sun.java2d.d3d.D3DGraphicsDevice$1.run()V+8
v  ~StubRoutines::call_stub
j  sun.awt.windows.WToolkit.eventLoop()V+0
j  sun.awt.windows.WToolkit.run()V+61
j  java.lang.Thread.run()V+11
v  ~StubRoutines::call_stub

---------------  P R O C E S S  ---------------

Java Threads: ( => current thread )
=>0x03c3d000 JavaThread "AWT-Windows" daemon [_thread_in_native, id=22144, stack(0x03e80000,0x03ed0000)]
  0x03c3c400 JavaThread "AWT-Shutdown" [_thread_blocked, id=22140, stack(0x03f70000,0x03fc0000)]
  0x0123f800 JavaThread "Java2D Disposer" daemon [_thread_blocked, id=22136, stack(0x03ef0000,0x03f40000)]
  0x011f4400 JavaThread "Service Thread" daemon [_thread_blocked, id=22128, stack(0x03b80000,0x03bd0000)]
  0x011e6400 JavaThread "C1 CompilerThread0" daemon [_thread_blocked, id=22124, stack(0x03800000,0x03850000)]
  0x011e5000 JavaThread "Attach Listener" daemon [_thread_blocked, id=22120, stack(0x03ad0000,0x03b20000)]
  0x0120bc00 JavaThread "Signal Dispatcher" daemon [_thread_blocked, id=22116, stack(0x03a80000,0x03ad0000)]
  0x01175000 JavaThread "Finalizer" daemon [_thread_blocked, id=22112, stack(0x03950000,0x039a0000)]
  0x01170000 JavaThread "Reference Handler" daemon [_thread_blocked, id=22108, stack(0x039f0000,0x03a40000)]
  0x0125c000 JavaThread "main" [_thread_in_native, id=22100, stack(0x01330000,0x01380000)]

Other Threads:
  0x0116e800 VMThread [stack: 0x03890000,0x038e0000] [id=22104]
  0x011f6400 WatcherThread [stack: 0x03b30000,0x03b80000] [id=22132]

VM state:not at safepoint (normal execution)

VM Mutex/Monitor currently owned by a thread: None

Heap
 def new generation   total 4928K, used 879K [0x23c00000, 0x24150000, 0x29150000)
  eden space 4416K,  19% used [0x23c00000, 0x23cdbcf8, 0x24050000)
  from space 512K,   0% used [0x24050000, 0x24050000, 0x240d0000)
  to   space 512K,   0% used [0x240d0000, 0x240d0000, 0x24150000)
 tenured generation   total 10944K, used 0K [0x29150000, 0x29c00000, 0x33c00000)
   the space 10944K,   0% used [0x29150000, 0x29150000, 0x29150200, 0x29c00000)
 compacting perm gen  total 12288K, used 389K [0x33c00000, 0x34800000, 0x37c00000)
   the space 12288K,   3% used [0x33c00000, 0x33c61750, 0x33c61800, 0x34800000)
    ro space 10240K,  44% used [0x37c00000, 0x3807c1d8, 0x3807c200, 0x38600000)
    rw space 12288K,  52% used [0x38600000, 0x38c440c0, 0x38c44200, 0x39200000)

Card table byte_map: [0x036e0000,0x03790000] byte_map_base: 0x035c2000

Polling page: 0x001d0000

Code Cache  [0x016e0000, 0x01780000, 0x036e0000)
 total_blobs=173 nmethods=16 adapters=95 free_code_cache=32141Kb largest_free_block=32912832

Compilation events (10 events):
Event: 0.287 Thread 0x011e6400   11             java.lang.CharacterDataLatin1::getProperties (11 bytes)
Event: 0.287 Thread 0x011e6400 nmethod 11 0x017791c8 code [0x017792c0, 0x01779360]
Event: 0.287 Thread 0x011e6400   12             java.lang.String::equals (81 bytes)
Event: 0.288 Thread 0x011e6400 nmethod 12 0x01779408 code [0x01779520, 0x017796c0]
Event: 0.289 Thread 0x011e6400   13             java.lang.CharacterDataLatin1::toLowerCase (39 bytes)
Event: 0.289 Thread 0x011e6400 nmethod 13 0x017798c8 code [0x017799c0, 0x01779aa0]
Event: 0.290 Thread 0x011e6400   14             java.lang.String::lastIndexOf (52 bytes)
Event: 0.290 Thread 0x011e6400 nmethod 14 0x01779b88 code [0x01779c90, 0x01779d9c]
Event: 0.327 Thread 0x011e6400   16             java.io.Win32FileSystem::normalize (143 bytes)
Event: 0.327 Thread 0x011e6400 nmethod 16 0x0177acc8 code [0x0177ae10, 0x0177b0ac]

GC Heap History (0 events):
No events

Deoptimization events (0 events):
No events

Internal exceptions (10 events):
Event: 0.267 Thread 0x0125c000 Threw 0x23c87f88 at C:\re\jdk7u79\2331\hotspot\src\share\vm\prims\jvm.cpp:1304
Event: 0.267 Thread 0x0125c000 Threw 0x23c88950 at C:\re\jdk7u79\2331\hotspot\src\share\vm\prims\jvm.cpp:1304
Event: 0.300 Thread 0x0125c000 Threw 0x23c97e68 at C:\re\jdk7u79\2331\hotspot\src\share\vm\prims\jvm.cpp:1304
Event: 0.300 Thread 0x0125c000 Threw 0x23c97f80 at C:\re\jdk7u79\2331\hotspot\src\share\vm\prims\jvm.cpp:1304
Event: 0.304 Thread 0x0125c000 Threw 0x23c9bc90 at C:\re\jdk7u79\2331\hotspot\src\share\vm\prims\jvm.cpp:1304
Event: 0.304 Thread 0x0125c000 Threw 0x23c9bda8 at C:\re\jdk7u79\2331\hotspot\src\share\vm\prims\jvm.cpp:1304
Event: 0.304 Thread 0x0125c000 Threw 0x23c9cae8 at C:\re\jdk7u79\2331\hotspot\src\share\vm\prims\jvm.cpp:1304
Event: 0.304 Thread 0x0125c000 Threw 0x23c9d4e0 at C:\re\jdk7u79\2331\hotspot\src\share\vm\prims\jvm.cpp:1304
Event: 0.313 Thread 0x0125c000 Threw 0x23c9e9e0 at C:\re\jdk7u79\2331\hotspot\src\share\vm\prims\jni.cpp:717
Event: 0.341 Thread 0x0125c000 Threw 0x23caf040 at C:\re\jdk7u79\2331\hotspot\src\share\vm\prims\jni.cpp:717

Events (10 events):
Event: 1.018 loading class 0x392a3a60 done
Event: 1.018 loading class 0x39277de8 done
Event: 1.018 loading class 0x03c0a470
Event: 1.018 loading class 0x03c0a470 done
Event: 1.018 loading class 0x03c0a410
Event: 1.018 loading class 0x03c0a410 done
Event: 1.018 loading class 0x03c096e8
Event: 1.018 loading class 0x03c096e8 done
Event: 1.018 loading class 0x03c096b8
Event: 1.019 loading class 0x03c096b8 done


Dynamic libraries:
0x013e0000 - 0x0140f000 	C:\javadev\eclipse\jre\bin\javaw.exe
0x76ff0000 - 0x77132000 	C:\Windows\SYSTEM32\ntdll.dll
0x76730000 - 0x76805000 	C:\Windows\system32\kernel32.dll
0x751e0000 - 0x7522b000 	C:\Windows\system32\KERNELBASE.dll
0x76bb0000 - 0x76c51000 	C:\Windows\system32\ADVAPI32.dll
0x76a60000 - 0x76b0c000 	C:\Windows\system32\msvcrt.dll
0x76a40000 - 0x76a59000 	C:\Windows\SYSTEM32\sechost.dll
0x76810000 - 0x768b2000 	C:\Windows\system32\RPCRT4.dll
0x75700000 - 0x757c9000 	C:\Windows\system32\USER32.dll
0x766e0000 - 0x7672e000 	C:\Windows\system32\GDI32.dll
0x768e0000 - 0x768ea000 	C:\Windows\system32\LPK.dll
0x76b10000 - 0x76bad000 	C:\Windows\system32\USP10.dll
0x72fc0000 - 0x7315e000 	C:\Windows\WinSxS\x86_microsoft.windows.common-controls_6595b64144ccf1df_6.0.7601.18837_none_41e855142bd5705d\COMCTL32.dll
0x76cb0000 - 0x76d07000 	C:\Windows\system32\SHLWAPI.dll
0x76a20000 - 0x76a3f000 	C:\Windows\system32\IMM32.DLL
0x77170000 - 0x7723d000 	C:\Windows\system32\MSCTF.dll
0x6cf90000 - 0x6d04f000 	C:\javadev\eclipse\jre\bin\msvcr100.dll
0x6d9b0000 - 0x6dd39000 	C:\javadev\eclipse\jre\bin\client\jvm.dll
0x74060000 - 0x74067000 	C:\Windows\system32\WSOCK32.dll
0x768f0000 - 0x76925000 	C:\Windows\system32\WS2_32.dll
0x75470000 - 0x75476000 	C:\Windows\system32\NSI.dll
0x732d0000 - 0x73302000 	C:\Windows\system32\WINMM.dll
0x768c0000 - 0x768c5000 	C:\Windows\system32\PSAPI.DLL
0x737a0000 - 0x737ac000 	C:\javadev\eclipse\jre\bin\verify.dll
0x71070000 - 0x71090000 	C:\javadev\eclipse\jre\bin\java.dll
0x71090000 - 0x710a3000 	C:\javadev\eclipse\jre\bin\zip.dll
0x57410000 - 0x57553000 	C:\javadev\eclipse\jre\bin\awt.dll
0x75500000 - 0x75591000 	C:\Windows\system32\OLEAUT32.dll
0x755a0000 - 0x756fd000 	C:\Windows\system32\ole32.dll
0x72550000 - 0x72563000 	C:\Windows\system32\DWMAPI.DLL
0x72890000 - 0x728d0000 	C:\Windows\system32\uxtheme.dll
0x63b60000 - 0x63ba6000 	C:\Program Files\Rising\RAV\wbprotect.dll
0x758f0000 - 0x7653c000 	C:\Windows\system32\SHELL32.dll
0x757d0000 - 0x758e2000 	C:\Windows\system32\WININET.dll
0x768d0000 - 0x768d3000 	C:\Windows\system32\Normaliz.dll
0x76d10000 - 0x76eca000 	C:\Windows\system32\iertutil.dll
0x76ed0000 - 0x76fe7000 	C:\Windows\system32\urlmon.dll
0x752b0000 - 0x753d1000 	C:\Windows\system32\CRYPT32.dll
0x751d0000 - 0x751dc000 	C:\Windows\system32\MSASN1.dll
0x75090000 - 0x750dc000 	C:\Windows\system32\apphelp.dll
0x10000000 - 0x1052c000 	C:\Windows\system32\SOGOUPY.IME
0x71ef0000 - 0x71ef5000 	C:\Windows\system32\MSIMG32.dll
0x71c20000 - 0x71c5c000 	C:\Windows\system32\OLEACC.dll
0x74270000 - 0x74291000 	C:\Windows\system32\ntmarta.dll
0x76c60000 - 0x76ca5000 	C:\Windows\system32\WLDAP32.dll
0x74560000 - 0x74569000 	C:\Windows\system32\VERSION.dll
0x75280000 - 0x752af000 	C:\Windows\system32\wintrust.dll
0x77140000 - 0x7716b000 	C:\Windows\system32\imagehlp.dll
0x74c00000 - 0x74c16000 	C:\Windows\system32\CRYPTSP.dll
0x750e0000 - 0x750ec000 	C:\Windows\system32\CRYPTBASE.dll
0x5dd30000 - 0x5def3000 	C:\Windows\system32\d3d9.dll
0x6ea60000 - 0x6ea66000 	C:\Windows\system32\d3d8thk.dll
0x6b4d0000 - 0x6b589000 	C:\Windows\system32\aticfx32.dll
0x6d680000 - 0x6d68b000 	C:\Windows\system32\atiu9pag.dll
0x74960000 - 0x7499b000 	C:\Windows\system32\rsaenh.dll
0x74d30000 - 0x74d69000 	C:\Windows\system32\ncrypt.dll
0x74d10000 - 0x74d27000 	C:\Windows\system32\bcrypt.dll
0x748a0000 - 0x748dd000 	C:\Windows\system32\bcryptprimitives.dll
0x6aba0000 - 0x6ad59000 	C:\Program Files\SogouInput\Components\PicFace\1.1.0.1781\PicFace.dll
0x75480000 - 0x754fb000 	C:\Windows\system32\COMDLG32.dll
0x75160000 - 0x7516b000 	C:\Windows\system32\profapi.dll
0x57a30000 - 0x57e4f000 	C:\Windows\system32\atiumdag.dll
0x57e60000 - 0x58264000 	C:\Windows\system32\atiumdva.dll
0x73310000 - 0x733fb000 	C:\Windows\system32\dbghelp.dll

VM Arguments:
jvm_args: -Dfile.encoding=UTF-8 
java_command: Try.Main
Launcher Type: SUN_STANDARD

Environment Variables:
JAVA_HOME=C:\javadev\jdk1.7.0_79
CLASSPATH=.;C:\javadev\jdk1.7.0_79/lib
PATH=C:/javadev/eclipse/jre/bin/client;C:/javadev/eclipse/jre/bin;C:/javadev/eclipse/jre/lib/i386;.;C:\javadev\apache-maven-3.2.1/bin;C:\javadev\jdk1.7.0_79/bin;C:\javadev\jdk1.7.0_79/jre/bin;;C:\javadev\eclipse;
USERNAME=Administrator
OS=Windows_NT
PROCESSOR_IDENTIFIER=x86 Family 16 Model 6 Stepping 3, AuthenticAMD



---------------  S Y S T E M  ---------------

OS: Windows 7 Build 7601 Service Pack 1

CPU:total 2 (2 cores per cpu, 1 threads per core) family 16 model 6 stepping 3, cmov, cx8, fxsr, mmx, sse, sse2, sse3, popcnt, mmxext, 3dnowpref, lzcnt, sse4a, tsc, tscinvbit, tscinv

Memory: 4k page, physical 2873784k(377136k free), swap 11493420k(10624k free)

vm_info: Java HotSpot(TM) Client VM (24.79-b02) for windows-x86 JRE (1.7.0_79-b15), built on Apr 10 2015 16:49:13 by "java_re" with unknown MS VC++:1600

time: Tue Nov 21 21:38:13 2017
elapsed time: 2 seconds

